[2018-08-06T00:33:44.317] [INFO] access - ::1 - - "GET / HTTP/1.1" 304 - "" "Mozilla/5.0 (Macintosh; Intel Mac OS X 10_12_3) AppleWebKit/537.36 (KHTML, like Gecko) Chrome/67.0.3396.99 Safari/537.36"
[2018-08-06T00:34:00.635] [INFO] access - ::1 - - "GET / HTTP/1.1" 200 1350 "" "Mozilla/5.0 (Macintosh; Intel Mac OS X 10_12_3) AppleWebKit/537.36 (KHTML, like Gecko) Chrome/67.0.3396.99 Safari/537.36"
[2018-08-06T00:34:01.867] [INFO] access - ::1 - - "GET /favicon.ico HTTP/1.1" 404 150 "http://localhost:8081/" "Mozilla/5.0 (Macintosh; Intel Mac OS X 10_12_3) AppleWebKit/537.36 (KHTML, like Gecko) Chrome/67.0.3396.99 Safari/537.36"
[2018-08-06T00:36:12.113] [INFO] access - ::1 - - "GET / HTTP/1.1" 304 - "" "Mozilla/5.0 (Macintosh; Intel Mac OS X 10_12_3) AppleWebKit/537.36 (KHTML, like Gecko) Chrome/67.0.3396.99 Safari/537.36"
[2018-08-06T00:36:30.680] [INFO] access - ::1 - - "GET / HTTP/1.1" 200 1350 "" "Mozilla/5.0 (Macintosh; Intel Mac OS X 10_12_3) AppleWebKit/537.36 (KHTML, like Gecko) Chrome/67.0.3396.99 Safari/537.36"
[2018-08-06T00:36:31.989] [INFO] access - ::1 - - "GET /favicon.ico HTTP/1.1" 404 150 "http://localhost:8081/" "Mozilla/5.0 (Macintosh; Intel Mac OS X 10_12_3) AppleWebKit/537.36 (KHTML, like Gecko) Chrome/67.0.3396.99 Safari/537.36"
[2018-08-06T00:40:35.960] [INFO] access - ::1 - - "GET / HTTP/1.1" 304 - "" "Mozilla/5.0 (Macintosh; Intel Mac OS X 10_12_3) AppleWebKit/537.36 (KHTML, like Gecko) Chrome/67.0.3396.99 Safari/537.36"
[2018-08-06T00:52:25.800] [INFO] access - ::1 - - "POST /upload HTTP/1.1" 404 146 "http://localhost:8081/" "Mozilla/5.0 (Macintosh; Intel Mac OS X 10_12_3) AppleWebKit/537.36 (KHTML, like Gecko) Chrome/67.0.3396.99 Safari/537.36"
[2018-08-06T00:54:38.059] [INFO] access - ::1 - - "POST /upload HTTP/1.1" 404 146 "http://localhost:8081/" "Mozilla/5.0 (Macintosh; Intel Mac OS X 10_12_3) AppleWebKit/537.36 (KHTML, like Gecko) Chrome/67.0.3396.99 Safari/537.36"
[2018-08-06T00:55:04.865] [INFO] access - ::1 - - "POST /upload HTTP/1.1" 500 1502 "http://localhost:8081/" "Mozilla/5.0 (Macintosh; Intel Mac OS X 10_12_3) AppleWebKit/537.36 (KHTML, like Gecko) Chrome/67.0.3396.99 Safari/537.36"
[2018-08-06T00:55:59.058] [INFO] access - ::1 - - "POST /upload HTTP/1.1" 500 1502 "http://localhost:8081/" "Mozilla/5.0 (Macintosh; Intel Mac OS X 10_12_3) AppleWebKit/537.36 (KHTML, like Gecko) Chrome/67.0.3396.99 Safari/537.36"
[2018-08-06T00:56:21.894] [INFO] access - ::1 - - "POST /upload HTTP/1.1" 302 23 "http://localhost:8081/" "Mozilla/5.0 (Macintosh; Intel Mac OS X 10_12_3) AppleWebKit/537.36 (KHTML, like Gecko) Chrome/67.0.3396.99 Safari/537.36"
[2018-08-06T00:56:21.914] [INFO] access - ::1 - - "GET / HTTP/1.1" 304 - "http://localhost:8081/" "Mozilla/5.0 (Macintosh; Intel Mac OS X 10_12_3) AppleWebKit/537.36 (KHTML, like Gecko) Chrome/67.0.3396.99 Safari/537.36"
[2018-08-06T00:57:48.042] [INFO] access - ::1 - - "POST /upload HTTP/1.1" 302 23 "http://localhost:8081/" "Mozilla/5.0 (Macintosh; Intel Mac OS X 10_12_3) AppleWebKit/537.36 (KHTML, like Gecko) Chrome/67.0.3396.99 Safari/537.36"
[2018-08-06T00:57:48.054] [INFO] access - ::1 - - "GET / HTTP/1.1" 304 - "http://localhost:8081/" "Mozilla/5.0 (Macintosh; Intel Mac OS X 10_12_3) AppleWebKit/537.36 (KHTML, like Gecko) Chrome/67.0.3396.99 Safari/537.36"
[2018-08-06T00:58:48.175] [INFO] access - ::1 - - "POST /upload HTTP/1.1" 302 23 "http://localhost:8081/" "Mozilla/5.0 (Macintosh; Intel Mac OS X 10_12_3) AppleWebKit/537.36 (KHTML, like Gecko) Chrome/67.0.3396.99 Safari/537.36"
[2018-08-06T00:58:48.184] [INFO] access - ::1 - - "GET / HTTP/1.1" 304 - "http://localhost:8081/" "Mozilla/5.0 (Macintosh; Intel Mac OS X 10_12_3) AppleWebKit/537.36 (KHTML, like Gecko) Chrome/67.0.3396.99 Safari/537.36"
[2018-08-06T00:58:57.115] [INFO] access - ::1 - - "POST /upload HTTP/1.1" 500 1268 "http://localhost:8081/" "Mozilla/5.0 (Macintosh; Intel Mac OS X 10_12_3) AppleWebKit/537.36 (KHTML, like Gecko) Chrome/67.0.3396.99 Safari/537.36"
[2018-08-06T01:00:31.937] [INFO] access - ::1 - - "POST /upload HTTP/1.1" 500 1268 "http://localhost:8081/" "Mozilla/5.0 (Macintosh; Intel Mac OS X 10_12_3) AppleWebKit/537.36 (KHTML, like Gecko) Chrome/67.0.3396.99 Safari/537.36"
[2018-08-06T01:01:57.988] [INFO] access - ::1 - - "POST /upload HTTP/1.1" 500 1268 "http://localhost:8081/" "Mozilla/5.0 (Macintosh; Intel Mac OS X 10_12_3) AppleWebKit/537.36 (KHTML, like Gecko) Chrome/67.0.3396.99 Safari/537.36"
[2018-08-06T01:04:20.698] [INFO] access - ::1 - - "POST /upload HTTP/1.1" 302 23 "http://localhost:8081/" "Mozilla/5.0 (Macintosh; Intel Mac OS X 10_12_3) AppleWebKit/537.36 (KHTML, like Gecko) Chrome/67.0.3396.99 Safari/537.36"
[2018-08-06T01:04:20.712] [INFO] access - ::1 - - "GET / HTTP/1.1" 304 - "http://localhost:8081/" "Mozilla/5.0 (Macintosh; Intel Mac OS X 10_12_3) AppleWebKit/537.36 (KHTML, like Gecko) Chrome/67.0.3396.99 Safari/537.36"
[2018-08-06T01:04:26.370] [INFO] access - ::1 - - "POST /upload HTTP/1.1" 302 23 "http://localhost:8081/" "Mozilla/5.0 (Macintosh; Intel Mac OS X 10_12_3) AppleWebKit/537.36 (KHTML, like Gecko) Chrome/67.0.3396.99 Safari/537.36"
[2018-08-06T01:04:26.387] [INFO] access - ::1 - - "GET / HTTP/1.1" 304 - "http://localhost:8081/" "Mozilla/5.0 (Macintosh; Intel Mac OS X 10_12_3) AppleWebKit/537.36 (KHTML, like Gecko) Chrome/67.0.3396.99 Safari/537.36"
[2018-08-06T01:04:31.246] [INFO] access - ::1 - - "POST /upload HTTP/1.1" 500 1268 "http://localhost:8081/" "Mozilla/5.0 (Macintosh; Intel Mac OS X 10_12_3) AppleWebKit/537.36 (KHTML, like Gecko) Chrome/67.0.3396.99 Safari/537.36"
[2018-08-06T01:07:30.647] [INFO] access - ::1 - - "POST /upload HTTP/1.1" 404 146 "http://localhost:8081/" "Mozilla/5.0 (Macintosh; Intel Mac OS X 10_12_3) AppleWebKit/537.36 (KHTML, like Gecko) Chrome/67.0.3396.99 Safari/537.36"
[2018-08-06T01:07:45.546] [INFO] access - ::1 - - "GET / HTTP/1.1" 200 1352 "" "Mozilla/5.0 (Macintosh; Intel Mac OS X 10_12_3) AppleWebKit/537.36 (KHTML, like Gecko) Chrome/67.0.3396.99 Safari/537.36"
[2018-08-06T01:07:48.523] [INFO] access - ::1 - - "GET / HTTP/1.1" 200 1352 "" "Mozilla/5.0 (Macintosh; Intel Mac OS X 10_12_3) AppleWebKit/537.36 (KHTML, like Gecko) Chrome/67.0.3396.99 Safari/537.36"
[2018-08-06T01:07:56.407] [INFO] access - ::1 - - "POST /upload1 HTTP/1.1" 500 1268 "http://localhost:8081/" "Mozilla/5.0 (Macintosh; Intel Mac OS X 10_12_3) AppleWebKit/537.36 (KHTML, like Gecko) Chrome/67.0.3396.99 Safari/537.36"
[2018-08-06T01:08:39.118] [INFO] access - ::1 - - "GET / HTTP/1.1" 200 1354 "" "Mozilla/5.0 (Macintosh; Intel Mac OS X 10_12_3) AppleWebKit/537.36 (KHTML, like Gecko) Chrome/67.0.3396.99 Safari/537.36"
[2018-08-06T01:08:47.579] [INFO] access - ::1 - - "POST /upload1 HTTP/1.1" 302 46 "http://localhost:8081/" "Mozilla/5.0 (Macintosh; Intel Mac OS X 10_12_3) AppleWebKit/537.36 (KHTML, like Gecko) Chrome/67.0.3396.99 Safari/537.36"
[2018-08-06T01:08:47.594] [INFO] access - ::1 - - "GET / HTTP/1.1" 304 - "http://localhost:8081/" "Mozilla/5.0 (Macintosh; Intel Mac OS X 10_12_3) AppleWebKit/537.36 (KHTML, like Gecko) Chrome/67.0.3396.99 Safari/537.36"
[2018-08-06T01:33:01.648] [INFO] access - ::1 - - "GET / HTTP/1.1" 304 - "http://localhost:8081/" "Mozilla/5.0 (Macintosh; Intel Mac OS X 10_12_3) AppleWebKit/537.36 (KHTML, like Gecko) Chrome/67.0.3396.99 Safari/537.36"
[2018-08-06T01:34:51.508] [INFO] access - ::1 - - "GET / HTTP/1.1" 500 2011 "http://localhost:8081/" "Mozilla/5.0 (Macintosh; Intel Mac OS X 10_12_3) AppleWebKit/537.36 (KHTML, like Gecko) Chrome/67.0.3396.99 Safari/537.36"
[2018-08-06T01:35:16.466] [INFO] access - ::1 - - "GET / HTTP/1.1" 200 1356 "http://localhost:8081/" "Mozilla/5.0 (Macintosh; Intel Mac OS X 10_12_3) AppleWebKit/537.36 (KHTML, like Gecko) Chrome/67.0.3396.99 Safari/537.36"
[2018-08-06T01:35:17.932] [INFO] access - ::1 - - "POST /upload2 HTTP/1.1" 302 23 "http://localhost:8081/" "Mozilla/5.0 (Macintosh; Intel Mac OS X 10_12_3) AppleWebKit/537.36 (KHTML, like Gecko) Chrome/67.0.3396.99 Safari/537.36"
[2018-08-06T01:35:17.975] [INFO] access - ::1 - - "GET / HTTP/1.1" 304 - "http://localhost:8081/" "Mozilla/5.0 (Macintosh; Intel Mac OS X 10_12_3) AppleWebKit/537.36 (KHTML, like Gecko) Chrome/67.0.3396.99 Safari/537.36"
[2018-08-06T01:35:18.111] [INFO] access - ::1 - - "POST /upload2 HTTP/1.1" 302 23 "http://localhost:8081/" "Mozilla/5.0 (Macintosh; Intel Mac OS X 10_12_3) AppleWebKit/537.36 (KHTML, like Gecko) Chrome/67.0.3396.99 Safari/537.36"
[2018-08-06T01:35:18.122] [INFO] access - ::1 - - "GET / HTTP/1.1" 304 - "http://localhost:8081/" "Mozilla/5.0 (Macintosh; Intel Mac OS X 10_12_3) AppleWebKit/537.36 (KHTML, like Gecko) Chrome/67.0.3396.99 Safari/537.36"
[2018-08-06T01:38:51.270] [INFO] access - ::1 - - "GET / HTTP/1.1" 200 1356 "http://localhost:8081/" "Mozilla/5.0 (Macintosh; Intel Mac OS X 10_12_3) AppleWebKit/537.36 (KHTML, like Gecko) Chrome/67.0.3396.99 Safari/537.36"
